1628160614288	geckodriver	INFO	Listening on 127.0.0.1:63893
1628160617308	mozrunner::runner	INFO	Running command: "C:\\Program Files\\Mozilla Firefox\\firefox.exe" "--marionette" "-foreground" "-no-remote" "-profile" "C:\\Users\\Harith\\AppData\\Local\\Temp\\rust_mozprofileYhnfrH"
1628160618243	Marionette	INFO	Marionette enabled
console.warn: SearchSettings: "get: No settings file exists, new profile?" (new NotFoundError("Could not open the file at C:\\Users\\Harith\\AppData\\Local\\Temp\\rust_mozprofileYhnfrH\\search.json.mozlz4", (void 0)))
1628160622746	Marionette	INFO	Listening on port 63905
1628160623854	Marionette	WARN	TLS certificate errors will be ignored for this session
JavaScript error: https://ads.pubmatic.com/AdServer/js/user_sync.html?p=156011&s=165626&predirect=https%3A%2F%2Fs.amazon-adsystem.com%2Fecm3%3Fid%3DPM_UID%26ex%3Dpubmatic.com&userIdMacro=PM_UID&gdpr=0, line 1: ReferenceError: CommonMeta is not defined
JavaScript error: , line 0: TypeError: NetworkError when attempting to fetch resource.
JavaScript error: , line 0: TypeError: NetworkError when attempting to fetch resource.
[Parent 21080, IPC I/O Parent] WARNING: file /builds/worker/checkouts/gecko/ipc/chromium/src/base/process_util_win.cc:167
1628160971851	Marionette	INFO	Stopped listening on port 63905

###!!! [Child][RunMessage] Error: Channel closing: too late to send/recv, messages will be lost

\\Harith\\AppData\\Local\\Temp\\rust_mozprofileI4zkNx\\search.json.mozlz4", (void 0)))
1628160766556	Marionette	INFO	Listening on port 64307
1628160767950	Marionette	WARN	TLS certificate errors will be ignored for this session
JavaScript error: https://ads.pubmatic.com/AdServer/js/user_sync.html?p=156011&s=165626&predirect=https%3A%2F%2Fs.amazon-adsystem.com%2Fecm3%3Fid%3DPM_UID%26ex%3Dpubmatic.com&userIdMacro=PM_UID&gdpr=0, line 1: ReferenceError: CommonMeta is not defined
JavaScript error: , line 0: TypeError: NetworkError when attempting to fetch resource.
JavaScript error: , line 0: TypeError: NetworkError when attempting to fetch resource.
1628160972658	Marionette	INFO	Stopped listening on port 64307

###!!! [Child][RunMessage] Error: Channel closing: too late to send/recv, messages will be lost

1628161231470	geckodriver	INFO	Listening on 127.0.0.1:49545
1628161234513	mozrunner::runner	INFO	Running command: "C:\\Program Files\\Mozilla Firefox\\firefox.exe" "--marionette" "-foreground" "-no-remote" "-profile" "C:\\Users\\Harith\\AppData\\Local\\Temp\\rust_mozprofilejsEric"
1628161234796	Marionette	INFO	Marionette enabled
console.warn: SearchSettings: "get: No settings file exists, new profile?" (new NotFoundError("Could not open the file at C:\\Users\\Harith\\AppData\\Local\\Temp\\rust_mozprofilejsEric\\search.json.mozlz4", (void 0)))
1628161239359	Marionette	INFO	Listening on port 49553
1628161240516	Marionette	WARN	TLS certificate errors will be ignored for this session
JavaScript error: , line 0: TypeError: NetworkError when attempting to fetch resource.
JavaScript error: , line 0: TypeError: NetworkError when attempting to fetch resource.
1628161265920	Marionette	INFO	Stopped listening on port 49553

###!!! [Child][RunMessage] Error: Channel closing: too late to send/recv, messages will be lost

1628164385396	geckodriver	INFO	Listening on 127.0.0.1:50231
1628164388428	mozrunner::runner	INFO	Running command: "C:\\Program Files\\Mozilla Firefox\\firefox.exe" "--marionette" "-foreground" "-no-remote" "-profile" "C:\\Users\\Harith\\AppData\\Local\\Temp\\rust_mozprofileY65bUk"
1628164388751	Marionette	INFO	Marionette enabled
console.warn: SearchSettings: "get: No settings file exists, new profile?" (new NotFoundError("Could not open the file at C:\\Users\\Harith\\AppData\\Local\\Temp\\rust_mozprofileY65bUk\\search.json.mozlz4", (void 0)))
[Parent 26932, IPC I/O Parent] WARNING: file /builds/worker/checkouts/gecko/ipc/chromium/src/base/process_util_win.cc:167
1628164393990	Marionette	INFO	Listening on port 50239
1628164395170	Marionette	WARN	TLS certificate errors will be ignored for this session
JavaScript error: https://ads.pubmatic.com/AdServer/js/user_sync.html?p=156011&s=165626&predirect=https%3A%2F%2Fs.amazon-adsystem.com%2Fecm3%3Fid%3DPM_UID%26ex%3Dpubmatic.com&userIdMacro=PM_UID&gdpr=0, line 1: ReferenceError: CommonMeta is not defined
JavaScript error: , line 0: TypeError: NetworkError when attempting to fetch resource.
JavaScript error: , line 0: TypeError: NetworkError when attempting to fetch resource.
1628164602982	Marionette	INFO	Stopped listening on port 50239

###!!! [Child][RunMessage] Error: Channel closing: too late to send/recv, messages will be lost

1628164836984	geckodriver	INFO	Listening on 127.0.0.1:50640
1628164840016	mozrunner::runner	INFO	Running command: "C:\\Program Files\\Mozilla Firefox\\firefox.exe" "--marionette" "-headless" "-foreground" "-no-remote" "-profile" "C:\\Users\\Harith\\AppData\\Local\\Temp\\rust_mozprofileqsPHJu"
*** You are running in headless mode.
1628164840318	Marionette	INFO	Marionette enabled
console.warn: SearchSettings: "get: No settings file exists, new profile?" (new NotFoundError("Could not open the file at C:\\Users\\Harith\\AppData\\Local\\Temp\\rust_mozprofileqsPHJu\\search.json.mozlz4", (void 0)))
1628164844666	Marionette	INFO	Listening on port 50648
1628164844820	Marionette	WARN	TLS certificate errors will be ignored for this session
JavaScript warning: https://pagead2.googlesyndication.com/bg/5DoHiAB8gciOXy4tN-30Samgrf9Qq3bIy1sciudvWGA.js line 1 > eval line 384 > eval line 1 > eval, line 1: Failed to create WebGL context: WebGL creation failed: 
* Can't use WebGL in headless mode (https://bugzil.la/1375585). ()
JavaScript error: https://ads.pubmatic.com/AdServer/js/user_sync.html?p=156011&s=165626&predirect=https%3A%2F%2Fs.amazon-adsystem.com%2Fecm3%3Fid%3DPM_UID%26ex%3Dpubmatic.com&userIdMacro=PM_UID&gdpr=0, line 1: ReferenceError: CommonMeta is not defined
console.log: WebExtensions: reset-default-search: starting.
console.log: WebExtensions: reset-default-search: No addons in our list are installed.
1628165411075	geckodriver	INFO	Listening on 127.0.0.1:51999
1628165414098	mozrunner::runner	INFO	Running command: "C:\\Program Files\\Mozilla Firefox\\firefox.exe" "--marionette" "-headless" "-foreground" "-no-remote" "-profile" "C:\\Users\\Harith\\AppData\\Local\\Temp\\rust_mozprofile2t0lwp"
*** You are running in headless mode.
1628165414974	Marionette	INFO	Marionette enabled
console.warn: SearchSettings: "get: No settings file exists, new profile?" (new NotFoundError("Could not open the file at C:\\Users\\Harith\\AppData\\Local\\Temp\\rust_mozprofile2t0lwp\\search.json.mozlz4", (void 0)))
1628165418910	Marionette	INFO	Listening on port 52008
1628165419408	Marionette	WARN	TLS certificate errors will be ignored for this session
JavaScript warning: https://pagead2.googlesyndication.com/bg/5DoHiAB8gciOXy4tN-30Samgrf9Qq3bIy1sciudvWGA.js line 1 > eval line 1624 > eval, line 1: Failed to create WebGL context: WebGL creation failed: 
* Can't use WebGL in headless mode (https://bugzil.la/1375585). ()
JavaScript warning: https://pagead2.googlesyndication.com/bg/5DoHiAB8gciOXy4tN-30Samgrf9Qq3bIy1sciudvWGA.js line 1 > eval line 6333 > eval line 1 > eval, line 1: Failed to create WebGL context: WebGL creation failed: 
* Can't use WebGL in headless mode (https://bugzil.la/1375585). ()
JavaScript error: https://ads.pubmatic.com/AdServer/js/user_sync.html?p=156011&s=165626&predirect=https%3A%2F%2Fs.amazon-adsystem.com%2Fecm3%3Fid%3DPM_UID%26ex%3Dpubmatic.com&userIdMacro=PM_UID&gdpr=0, line 1: ReferenceError: CommonMeta is not defined
console.log: WebExtensions: reset-default-search: starting.
console.log: WebExtensions: reset-default-search: No addons in our list are installed.
1628166691999	geckodriver	INFO	Listening on 127.0.0.1:53749
